142
83
73
52
90
98
59
178
95
97
14
180
152
137
114
108
104
136
31
81
142
176
194
168
114
170
56
143
148
133
118
159
144
150
179
65
188
146
148
179
97
134
130
46
75
104
97
32
86
171
129
139
104
164
154
171
136
183
173
96
108
174
109
127
30
58
61
70
185
105
81
137
83
128
56
63
164
130
129
75
136
52
106
105
113
42
120
192
95
137
171
42
82
159
150
167
87
184
191
84
106
115
95
140
139
154
134
159
43
66
159
29
63
139
151
51
120
151
121
70
152
144
101
158
138
171
150
107
51
114
76
127
92
183
142
149
96
75
83
68
74
115
63
116
107
154
146
114
162
108
166
147
108
146
115
175
88
132
101
129
109
151
115
127
92
129
146
183
174
22
189
117
87
77
106
179
154
98
115
73
76
124
134
48
105
67
101
98
104
95
184
146
72
147
79
178
32
136
193
126
122
166
109
169
78
69
103
124
35
162
123
172
104
176
149
145
114
119
87
117
175
163
11
106
150
128
177
141
112
131
84
98
121
109
141
141
149
103
98
70
149
163
114
167
158
149
148
97
94
141
147
159
162
128
196
128
98
121
43
126
85
114
179
149
105
141
144
84
124
62
141
161
172
87
93
130
104
128
132
118
103
153
116
121
194
155
142
156
23
128
74
95
137
45
73
72
147
71
134
82
162
90
83
149
152
67
177
117
169
174
176
128
78
87
195
131
157
150
120
193
146
136
102
170
124
131
51
53
125
143
120
88
121
78
148
179
105
31
127
102
122
28
150
102
113
155
140
109
155
48
179
65
176
96
94
191
69
178
116
163
130
142
108
72
130
180
125
52
112
94
126
109
115
118
166
145
55
142
58
22
78
119
76
196
65
93
78
127
136
164
163
132
160
120
170
118
98
144
104
85
126
188
11
91
94
172
73
107
179
99
118
114
82
142
164
139
77
166
106
165
71
131
114
44
107
98
123
80
155
143
168
93
47
160
176
144
154
116
179
159
108
105
140
27
194
84
123
81
158
76
101
82
153
84
109
140
141
113
170
104
141
170
142
92
179
85
163
125
161
108
128
174
143
98
170
162
114
90
87
152
122
104
114
104
144
142
107
168
171
153
186
125
116
98
134
124
105
83
74
102
165
65
135
137
85
63
144
93
88
66
74
44
167
104
144
90
129
140
141
76
82
179
152
95
133
63
86
92
52
93
160
192
77
139
157
78
81
140
168
140
106
151
109
127
159
127
94
126
121
75
186
157
97
68
128
136
133
116
98
62
72
133
139
38
165
98
191
118
75
96
123
170
125
139
130
119
86
168
170
46
139
132
79
109
108
108
111
87
142
128
183
137
161
166
119
105
180
129
141
103
83
141
136
143
121
157
84
166
114
72
162
43
136
171
89
77
155
65
160
80
63
131
83
70
172
64
81
62
81
139
157
134
117
16
81
88
128
115
144
157
97
119
56
116
162
170
122
146
116
86
33
108
122
74
193
93
138
175
95
87
108
104
130
119
94
91
66
50
154
135
115
82
126
166
99
98
39
112
129
82
132
155
95
78
28
146
82
159
92
133
63
125
137
110
17
114
157
121
101
148
129
137
72
107
126
106
136
150
105
63
170
143
85
157
126
148
152
175
76
129
103
126
194
54
107
97
107
182
80
135
172
148
97
152
157
125
72
104
97
156
105
124
35
157
113
109
167
130
125
96
133
179
86
153
179
139
69
143
149
70
85
93
148
80
53
159
144
64
146
82
171
82
120
126
130
162
152
108
157
72
128
16
170
116
90
159
99
102
83
103
148
117
120
171
107
175
44
168
172
168
91
131
32
181
91
152
175
166
126
131
119
99
98
148
160
114
80
100
40
118
138
58
115
124
64
174
52
100
99
81
55
157
91
73
83
129
118
84
74
124
148
52
163
43
178
147
125
159
149
136
102
96
138
144
165
182
151
126
150
132
132
147
152
103
63
39
115
45
10
137
160
85
164
108
113
134
107
53
179
138
136
137
180
146
135
125
85
117
168
61
85
130
146
119
138
125
150
130
152
137
129
76
104
154
114
4
111
121
178
56
113
84
120
72
178
116
125
84
174
40
