67 5540265761
73 6322319131
31 4155515113
11 2830489483
23 4342297387
29 4662242141
31 5183757937
13 3923998339
5 6079911781
3 4667889769
53 5617751723
29 5485922881
13 4562016611
31 10657513739
41 4649145331
13 3708829349
73 8580477713
17 3414543031
5 3779622799
19 5357018153
43 7193307911
5 4156592611
47 5782278473
137 4532264533
11 4007239729
11 3232189469
131 9294914023
31 5397522743
5 3826430203
41 4665881839
29 4529178457
43 2633910467
17 3092615023
23 4149568741
11 9289250183
17 4373903641
13 8485194713
3 7330932779
7 9125534503
13 5589507463
103 8243654803
103 5245021393
83 2635541197
11 10109984923
3 4063802867
5 3794612323
11 5572832929
97 4249359391
5 4059281627
59 3373324453
19 5206058731
5 2879788579
17 4115152453
3 4750169477
5 7442325193
5 5156031883
7 4936855579
13 5827438607
13 5139343309
37 7880132681
11 11112915887
127 8211718771
5 6149463611
13 8181143713
29 6342812887
13 6189048881
7 3642257513
31 4674795457
7 4275584933
17 4463031673
193 4559362891
11 5676145513
23 3106438897
5 9876133417
67 4204350379
7 2885828201
7 4363811129
73 2569102303
11 4875405803
29 2740312291
13 3984903371
11 3786927349
97 3611412967
17 3349418203
7 9452078723
13 5268061247
11 5436562147
23 3848672683
37 4038132431
41 5134069429
5 4244552551
11 3721849981
7 3834042493
23 4895292617
107 3657579677
67 3819632983
101 3510589507
5 2689502713
11 6586267021
5 3552705503
29 2881625267
59 4765697929
23 4416412549
59 4974282683
19 3437235821
103 3076250833
13 6357629573
11 8141037239
23 6313290311
37 4706818889
7 4035042023
7 4997537749
19 4483773209
23 3198573127
151 10598156363
3 3583066589
23 4044262829
23 4536663613
37 2867556607
59 2674642427
29 3414927731
71 3496579279
13 3705629467
73 4940177989
11 6288358039
43 10852781347
19 6420081389
19 4812795821
13 5453410307
11 3648541573
61 4994990069
7 4865622149
283 4165015717
41 3072266839
7 12120941543
37 4279397723
149 4336006721
13 4384694147
5 11143198921
67 13122572083
241 8242632157
17 2612393431
47 4128322651
151 3263905297
11 4332124369
31 3810458077
41 3790534963
19 4207548791
23 3444816901
23 4055553577
13 10048000873
71 9185937883
7 10079575619
3 4939833347
29 7835009173
13 5888654467
7 4493173057
83 4061968513
137 3173229281
41 3810547991
139 4623494443
17 9533821093
7 5669205743
13 4310109901
29 9055891001
11 5562482077
73 8401303349
17 7931533409
3 2713113577
53 7623705197
29 3473927071
31 4167259457
3 11027906359
11 3307034023
29 4260647681
3 5746694209
47 3752544713
5 9184857673
11 5277231149
13 4421691091
13 4327119883
7 3303624421
131 4158445757
3 3779530609
5 2851843997
11 3183910901
3 4444934761
3 8823915623
5 4059953221
19 8208137459
41 3075706327
31 4394200969
29 5417680183
17 6154343269
89 5458837753
43 3753392509
5 4162079821
7 7829307659
23 7356701507
7 9657526763
