36 36 37
36 36
36 36
35 36
35 36
35 36
35 36
35 36
35 36
35 36
35 36
35 36
35 36
35 36
35 36
35 36
35 36
35 36
35 36
35 36
35 37
35 37
35 36
35 36
35 36
35 36
34 36
34 36
34 36
34 36
34 36
34 36
34 36
34 36
34 36
34 36
34 36
34 36
34 36
34 36
34 36
34 36
34 36
34 36
34 37
34 37
34 37
34 37
34 37
34 37
34 37
34 36
34 36
34 36
34 36
34 36
34 36
33 36
33 36
33 36
33 36
33 36
33 36
33 36
33 36
33 36
33 36
33 36
33 36
33 36
33 36
33 37
33 37
33 37
33 37
33 36
33 36
33 36
33 36
33 36
32 36
32 36
32 36
32 36
32 36
32 36
32 36
32 36
32 36
32 36
32 36
32 36
32 36
32 36
32 36
32 36
32 37
32 37
32 36
32 36
32 36
32 36
32 36
32 36
32 36
32 36
32 36
31 36
31 36
31 36
31 36
31 36
31 36
31 36
31 36
31 36
31 36
31 36
31 36
31 36
31 36
31 36
31 36
31 36
31 37
31 37
31 36
31 36
31 36
31 36
31 36
30 36
30 36
30 36
30 36
30 36
30 36
30 37
30 37
30 36
30 36
30 36
30 36
30 36
30 36
30 36
29 36
29 36
29 36
29 36
29 36
29 36
29 36
29 36
29 36
29 36
29 36
29 36
29 36
29 36
29 36
29 36
29 36
29 37
29 37
29 36
29 36
29 36
29 36
29 36
29 36
29 36
29 36
28 36
28 36
28 36
28 36
28 36
28 36
28 36
28 36
28 36
28 36
28 36
28 36
28 36
28 36
28 36
28 36
27 36
27 36
27 36
27 36
27 36
27 36
27 36
27 36
27 36
27 36
27 36
27 36
27 36
27 36
27 36
27 36
27 36
27 36
27 36
27 36
27 36
27 36
27 36
27 36
27 36
27 36
27 36
27 36
27 36
27 36
26 36
26 36
26 36
26 36
26 36
26 36
26 36
26 36
26 36
26 36
26 36
26 36
26 36
26 36
26 36
26 36
26 36
26 36
26 36
26 36
26 36
26 36
26 36
26 36
25 36
25 36
25 36
25 36
25 36
25 36
25 36
25 36
25 36
25 36
25 36
25 36
25 36
25 36
25 36
25 36
25 36
25 36
25 36
25 36
25 36
25 36
24 36
24 36
24 36
24 36
24 36
24 36
24 36
24 36
24 37
24 36
24 36
24 36
24 36
24 36
24 36
24 36
24 36
24 36
24 36
23 36
23 36
23 36
23 36
23 37
23 36
23 36
23 36
23 36
23 36
23 36
23 36
23 36
23 36
23 36
22 36
22 36
22 36
22 36
22 36
22 36
22 36
22 36
22 36
22 36
22 36
22 36
22 36
22 36
22 36
22 36
22 36
22 36
22 36
22 36
22 36
21 36
21 36
21 36
21 36
21 36
21 36
21 36
21 36
21 36
21 36
21 36
21 36
21 36
21 36
21 36
21 36
21 36
21 36
21 36
21 36
20 36
20 36
20 36
20 36
20 36
20 36
20 36
20 36
20 36
20 36
20 36
20 36
20 36
20 36
20 36
20 36
20 36
20 36
20 36
20 36
20 36
20 36
20 36
20 36
20 36
19 36
19 36
19 36
19 36
19 36
19 36
19 36
19 36
19 36
19 36
19 36
19 36
19 36
19 36
19 36
19 36
19 36
19 36
19 36
19 36
19 36
19 36
19 36
19 36
19 36
19 36
18 36
18 36
18 36
18 36
18 36
18 36
18 36
18 36
18 36
18 36
18 36
18 36
18 36
18 36
18 36
18 36
18 36
18 36
18 36
18 36
18 36
18 36
18 36
18 36
18 36
18 36
18 36
18 36
17 36
17 36
17 36
17 36
17 36
17 36
17 36
17 36
17 36
17 36
17 36
17 36
17 37
17 36
17 36
17 36
17 36
17 36
17 36
17 36
17 36
17 36
17 36
17 36
17 36
17 36
17 36
16 36
16 36
16 36
16 36
16 36
16 36
16 36
16 36
16 36
16 36
16 36
16 36
16 36
16 36
16 36
16 36
16 36
16 36
16 36
16 36
16 36
16 36
16 36
15 36
15 36
15 36
15 36
15 36
15 36
15 36
15 36
15 36
15 36
15 36
15 36
15 36
15 36
15 36
15 36
15 36
15 36
15 36
15 36
15 36
15 36
15 36
15 36
15 36
14 36
14 36
14 36
14 36
14 36
14 36
14 36
14 36
14 36
14 36
14 36
14 36
14 36
14 36
14 36
14 36
14 36
14 36
14 36
14 36
14 36
14 36
14 36
14 36
14 36
14 36
14 36
14 36
14 36
14 36
14 36
14 36
14 36
14 36
14 36
14 36
14 36
14 36
14 36
14 36
13 36
13 36
13 36
13 36
13 36
13 36
13 36
13 36
13 36
13 37
13 36
13 36
13 36
13 36
13 36
13 36
13 36
13 36
13 36
13 36
13 36
13 36
13 36
13 36
12 36
12 36
12 36
12 36
12 36
12 36
12 36
12 36
12 36
12 37
12 37
12 37
12 36
12 36
12 36
12 36
12 36
12 36
12 36
12 36
12 36
12 36
12 36
12 36
12 36
11 36
11 36
11 36
11 36
11 36
11 36
11 36
11 36
11 36
11 36
11 36
11 37
11 37
11 36
11 36
11 36
11 36
11 36
11 36
11 36
11 36
11 36
11 36
10 36
10 36
10 36
10 36
10 36
10 36
10 36
10 36
10 36
10 36
10 37
10 36
10 36
10 36
10 36
10 36
10 36
10 36
10 36
10 36
10 36
10 36
10 36
9 36
9 36
9 36
9 36
9 36
9 36
9 36
9 36
9 36
9 36
9 36
9 36
9 36
9 36
9 36
9 36
9 36
9 36
8 36
8 36
8 36
8 36
8 36
8 36
8 36
8 36
8 36
8 36
8 36
8 36
8 37
8 37
8 37
8 36
8 36
8 36
8 36
8 36
8 36
8 36
8 36
8 36
8 36
7 36
7 36
7 36
7 36
7 36
7 36
7 36
7 36
7 36
7 36
7 36
7 36
7 36
7 36
7 36
7 36
7 36
7 36
7 36
7 36
7 36
7 36
6 36
6 36
6 36
6 36
6 36
6 37
6 37
6 37
6 36
6 36
6 36
6 36
6 36
6 36
6 36
6 36
6 36
6 36
6 36
6 36
6 36
6 36
5 36
5 36
5 36
5 36
5 36
5 37
5 36
5 36
5 36
5 36
5 36
5 36
5 36
5 36
5 36
4 36
4 36
4 36
4 36
4 36
4 36
4 36
4 36
4 36
4 37
4 37
4 37
4 37
4 36
4 36
4 36
4 36
4 36
4 36
4 36
4 36
4 36
4 36
4 36
3 36
3 36
3 36
3 36
3 36
3 36
3 36
3 36
3 37
3 37
3 37
3 37
3 36
3 36
3 36
3 36
3 36
3 36
3 36
3 36
3 36
3 36
3 36
2 36
2 36
2 36
2 36
2 36
2 36
2 36
2 36
2 36
2 36
2 37
2 37
2 37
2 36
2 36
2 36
2 36
2 36
2 36
2 36
2 36
2 36
1 36
1 36
1 36
1 36
1 36
1 36
1 36
1 37
1 37
1 37
1 37
1 36
1 36
1 36
1 36
1 36
1 36
1 36
1 36
0
